2025-06-16 13:32:14,352 DEBUG    root            Loaded Command Group: ['gcloud', 'components']
2025-06-16 13:32:14,353 DEBUG    root            Loaded Command Group: ['gcloud', 'components', 'update']
2025-06-16 13:32:14,355 DEBUG    root            Running [gcloud.components.update] with arguments: [--quiet: "True", COMPONENT-IDS:8: "['gcloud', 'core', 'bq', 'gsutil', 'compute', 'preview', 'alpha', 'beta']"]
2025-06-16 13:32:14,356 INFO     ___FILE_ONLY___ Beginning update. This process may take several minutes.

2025-06-16 13:32:14,364 DEBUG    urllib3.connectionpool Starting new HTTPS connection (1): dl.google.com:443
2025-06-16 13:32:14,591 DEBUG    urllib3.connectionpool https://dl.google.com:443 "GET /dl/cloudsdk/channels/rapid/components-2.json HTTP/11" 200 233994
2025-06-16 13:32:14,604 WARNING  root            Component [compute] no longer exists.
2025-06-16 13:32:14,605 INFO     ___FILE_ONLY___ 

2025-06-16 13:32:14,605 INFO     ___FILE_ONLY___ 
Your current Google Cloud CLI version is: 526.0.1

2025-06-16 13:32:14,605 INFO     ___FILE_ONLY___ Installing components from version: 526.0.1

2025-06-16 13:32:14,605 INFO     ___FILE_ONLY___ 

2025-06-16 13:32:14,605 DEBUG    root            Chosen display Format:table[box,title="These components will be removed."](details.display_name:label=Name:align=left,version.version_string:label=Version:align=right,data.size.size(zero="",min=1048576):label=Size:align=right)
2025-06-16 13:32:14,606 DEBUG    root            Chosen display Format:table[box,title="These components will be updated."](details.display_name:label=Name:align=left,version.version_string:label=Version:align=right,data.size.size(zero="",min=1048576):label=Size:align=right)
2025-06-16 13:32:14,606 DEBUG    root            Chosen display Format:table[box,title="These components will be installed."](details.display_name:label=Name:align=left,version.version_string:label=Version:align=right,data.size.size(zero="",min=1048576):label=Size:align=right)
2025-06-16 13:32:14,619 INFO     ___FILE_ONLY___ ┌────────────────────────────────────────────────┐
2025-06-16 13:32:14,619 INFO     ___FILE_ONLY___ 

2025-06-16 13:32:14,619 INFO     ___FILE_ONLY___ │      These components will be installed.       │
2025-06-16 13:32:14,619 INFO     ___FILE_ONLY___ 

2025-06-16 13:32:14,619 INFO     ___FILE_ONLY___ ├─────────────────────────┬────────────┬─────────┤
2025-06-16 13:32:14,619 INFO     ___FILE_ONLY___ 

2025-06-16 13:32:14,619 INFO     ___FILE_ONLY___ │           Name          │  Version   │   Size  │
2025-06-16 13:32:14,619 INFO     ___FILE_ONLY___ 

2025-06-16 13:32:14,619 INFO     ___FILE_ONLY___ ├─────────────────────────┼────────────┼─────────┤
2025-06-16 13:32:14,619 INFO     ___FILE_ONLY___ 

2025-06-16 13:32:14,619 INFO     ___FILE_ONLY___ │ 
2025-06-16 13:32:14,620 INFO     ___FILE_ONLY___ gcloud Alpha Commands  
2025-06-16 13:32:14,620 INFO     ___FILE_ONLY___  
2025-06-16 13:32:14,620 INFO     ___FILE_ONLY___ │ 
2025-06-16 13:32:14,620 INFO     ___FILE_ONLY___ 2025.06.10
2025-06-16 13:32:14,620 INFO     ___FILE_ONLY___  
2025-06-16 13:32:14,620 INFO     ___FILE_ONLY___ │ 
2025-06-16 13:32:14,620 INFO     ___FILE_ONLY___ < 1 MiB
2025-06-16 13:32:14,620 INFO     ___FILE_ONLY___  
2025-06-16 13:32:14,620 INFO     ___FILE_ONLY___ │
2025-06-16 13:32:14,620 INFO     ___FILE_ONLY___ 

2025-06-16 13:32:14,620 INFO     ___FILE_ONLY___ │ 
2025-06-16 13:32:14,621 INFO     ___FILE_ONLY___ gcloud Beta Commands   
2025-06-16 13:32:14,621 INFO     ___FILE_ONLY___  
2025-06-16 13:32:14,621 INFO     ___FILE_ONLY___ │ 
2025-06-16 13:32:14,621 INFO     ___FILE_ONLY___ 2025.06.10
2025-06-16 13:32:14,621 INFO     ___FILE_ONLY___  
2025-06-16 13:32:14,621 INFO     ___FILE_ONLY___ │ 
2025-06-16 13:32:14,621 INFO     ___FILE_ONLY___ < 1 MiB
2025-06-16 13:32:14,621 INFO     ___FILE_ONLY___  
2025-06-16 13:32:14,621 INFO     ___FILE_ONLY___ │
2025-06-16 13:32:14,621 INFO     ___FILE_ONLY___ 

2025-06-16 13:32:14,621 INFO     ___FILE_ONLY___ │ 
2025-06-16 13:32:14,621 INFO     ___FILE_ONLY___ gcloud Preview Commands
2025-06-16 13:32:14,621 INFO     ___FILE_ONLY___  
2025-06-16 13:32:14,621 INFO     ___FILE_ONLY___ │ 
2025-06-16 13:32:14,622 INFO     ___FILE_ONLY___           
2025-06-16 13:32:14,622 INFO     ___FILE_ONLY___  
2025-06-16 13:32:14,622 INFO     ___FILE_ONLY___ │ 
2025-06-16 13:32:14,622 INFO     ___FILE_ONLY___ < 1 MiB
2025-06-16 13:32:14,622 INFO     ___FILE_ONLY___  
2025-06-16 13:32:14,622 INFO     ___FILE_ONLY___ │
2025-06-16 13:32:14,622 INFO     ___FILE_ONLY___ 

2025-06-16 13:32:14,622 INFO     ___FILE_ONLY___ └─────────────────────────┴────────────┴─────────┘
2025-06-16 13:32:14,622 INFO     ___FILE_ONLY___ 

2025-06-16 13:32:14,622 INFO     ___FILE_ONLY___ 

2025-06-16 13:32:14,625 DEBUG    urllib3.connectionpool Starting new HTTPS connection (1): dl.google.com:443
2025-06-16 13:32:14,671 DEBUG    urllib3.connectionpool https://dl.google.com:443 "GET /dl/cloudsdk/channels/rapid/RELEASE_NOTES HTTP/11" 200 1432351
2025-06-16 13:32:15,096 INFO     ___FILE_ONLY___ For the latest full release notes, please visit:
  https://cloud.google.com/sdk/release_notes


2025-06-16 13:32:15,097 INFO     ___FILE_ONLY___ Performing in place update...


2025-06-16 13:32:15,099 INFO     ___FILE_ONLY___ ╔════════════════════════════════════════════════════════════╗

2025-06-16 13:32:15,099 INFO     ___FILE_ONLY___ ╠═ Downloading: gcloud Alpha Commands                       ═╣

2025-06-16 13:32:15,099 INFO     ___FILE_ONLY___ ╚
2025-06-16 13:32:15,102 DEBUG    urllib3.connectionpool Starting new HTTPS connection (1): dl.google.com:443
2025-06-16 13:32:15,144 DEBUG    urllib3.connectionpool https://dl.google.com:443 "GET /dl/cloudsdk/channels/rapid/components/google-cloud-sdk-alpha-20250610213429.tar.gz HTTP/11" 200 800
2025-06-16 13:32:15,145 INFO     ___FILE_ONLY___ ════════════════════════════════════════════════════════════
2025-06-16 13:32:15,145 INFO     ___FILE_ONLY___ ╝

2025-06-16 13:32:15,147 INFO     ___FILE_ONLY___ ╔════════════════════════════════════════════════════════════╗

2025-06-16 13:32:15,147 INFO     ___FILE_ONLY___ ╠═ Downloading: gcloud Beta Commands                        ═╣

2025-06-16 13:32:15,147 INFO     ___FILE_ONLY___ ╚
2025-06-16 13:32:15,150 DEBUG    urllib3.connectionpool Starting new HTTPS connection (1): dl.google.com:443
2025-06-16 13:32:15,373 DEBUG    urllib3.connectionpool https://dl.google.com:443 "GET /dl/cloudsdk/channels/rapid/components/google-cloud-sdk-beta-20250610213429.tar.gz HTTP/11" 200 797
2025-06-16 13:32:15,374 INFO     ___FILE_ONLY___ ════════════════════════════════════════════════════════════
2025-06-16 13:32:15,374 INFO     ___FILE_ONLY___ ╝

2025-06-16 13:32:15,376 INFO     ___FILE_ONLY___ ╔════════════════════════════════════════════════════════════╗

2025-06-16 13:32:15,376 INFO     ___FILE_ONLY___ ╠═ Downloading: gcloud Preview Commands                     ═╣

2025-06-16 13:32:15,376 INFO     ___FILE_ONLY___ ╚
2025-06-16 13:32:15,379 DEBUG    urllib3.connectionpool Starting new HTTPS connection (1): dl.google.com:443
2025-06-16 13:32:15,465 DEBUG    urllib3.connectionpool https://dl.google.com:443 "GET /dl/cloudsdk/channels/rapid/components/google-cloud-sdk-preview-20241115154308.tar.gz HTTP/11" 200 823
2025-06-16 13:32:15,465 INFO     ___FILE_ONLY___ ════════════════════════════════════════════════════════════
2025-06-16 13:32:15,465 INFO     ___FILE_ONLY___ ╝

2025-06-16 13:32:15,467 INFO     ___FILE_ONLY___ ╔════════════════════════════════════════════════════════════╗

2025-06-16 13:32:15,467 INFO     ___FILE_ONLY___ ╠═ Installing: gcloud Alpha Commands                        ═╣

2025-06-16 13:32:15,468 INFO     ___FILE_ONLY___ ╚
2025-06-16 13:32:15,468 INFO     ___FILE_ONLY___ ════════════════════════════════════════════════════════════
2025-06-16 13:32:15,468 INFO     ___FILE_ONLY___ ╝

2025-06-16 13:32:15,473 INFO     ___FILE_ONLY___ ╔════════════════════════════════════════════════════════════╗

2025-06-16 13:32:15,473 INFO     ___FILE_ONLY___ ╠═ Installing: gcloud Beta Commands                         ═╣

2025-06-16 13:32:15,473 INFO     ___FILE_ONLY___ ╚
2025-06-16 13:32:15,474 INFO     ___FILE_ONLY___ ════════════════════════════════════════════════════════════
2025-06-16 13:32:15,474 INFO     ___FILE_ONLY___ ╝

2025-06-16 13:32:15,479 INFO     ___FILE_ONLY___ ╔════════════════════════════════════════════════════════════╗

2025-06-16 13:32:15,479 INFO     ___FILE_ONLY___ ╠═ Installing: gcloud Preview Commands                      ═╣

2025-06-16 13:32:15,479 INFO     ___FILE_ONLY___ ╚
2025-06-16 13:32:15,480 INFO     ___FILE_ONLY___ ════════════════════════════════════════════════════════════
2025-06-16 13:32:15,480 INFO     ___FILE_ONLY___ ╝

2025-06-16 13:32:15,484 DEBUG    root            Updating notification cache...
2025-06-16 13:32:15,485 INFO     ___FILE_ONLY___ 

2025-06-16 13:32:15,487 INFO     ___FILE_ONLY___ Performing post processing steps...
2025-06-16 13:32:15,487 DEBUG    root            Executing command: ['/tools/google-cloud-sdk/bin/gcloud', 'components', 'post-process']
2025-06-16 13:32:23,208 DEBUG    ___FILE_ONLY___ 
2025-06-16 13:32:23,208 DEBUG    ___FILE_ONLY___ 
2025-06-16 13:32:23,264 INFO     root            descriptor_list: [{'universeDomain': 'googleapis.com', 'universeShortName': '', 'authenticationDomain': 'auth.cloud.google.com', 'projectPrefix': '', 'cloudWebDomain': 'cloud.google.com', 'documentationDomain': 'cloud.google.com', 'version': '1.0.0', 'state': 'primary', 'artifactRegistryDomain': 'pkg.dev'}]
2025-06-16 13:32:23,264 INFO     ___FILE_ONLY___ 
Update done!


2025-06-16 13:32:23,267 DEBUG    root            Chosen display Format:none
2025-06-16 13:32:23,267 INFO     root            Display format: "none"
